<?xml version="1.0" encoding="UTF-8"?>
<!-- Generated by org.testng.reporters.JUnitReportReporter -->
<testsuite hostname="LAPTOP-JP85NQOG" name="Academy.HomePage" tests="1" failures="0" timestamp="18 May 2021 07:45:05 GMT" time="17.130" errors="0">
  <testcase name="basePageNavigation" time="17.130" classname="Academy.HomePage"/>
</testsuite> <!-- Academy.HomePage -->
