<?xml version="1.0" encoding="UTF-8"?>
<!-- Generated by org.testng.reporters.JUnitReportReporter -->
<testsuite hostname="LAPTOP-JP85NQOG" name="Academy.validateTitle" tests="1" failures="0" timestamp="15 May 2021 04:55:40 GMT" time="0.240" errors="0">
  <testcase name="basePageNavigation" time="0.240" classname="Academy.validateTitle"/>
</testsuite> <!-- Academy.validateTitle -->
