<?xml version="1.0" encoding="UTF-8"?>
<!-- Generated by org.testng.reporters.JUnitReportReporter -->
<testsuite hostname="LAPTOP-JP85NQOG" name="Academy.HomePage" tests="1" failures="0" timestamp="15 May 2021 04:55:40 GMT" time="20.498" errors="0">
  <testcase name="basePageNavigation" time="20.498" classname="Academy.HomePage"/>
</testsuite> <!-- Academy.HomePage -->
